<?xml version="1.0" encoding="UTF-8"?>
<testsuite name="com.aor.numbers.DivisibleByFilterTest" tests="2" skipped="0" failures="0" errors="0" timestamp="2022-10-26T11:18:13" hostname="DESKTOP-9P6O7OK" time="0.04">
  <properties/>
  <testcase name="acceptDivisibleBy5()" classname="com.aor.numbers.DivisibleByFilterTest" time="0.038"/>
  <testcase name="acceptDivisibleBy7()" classname="com.aor.numbers.DivisibleByFilterTest" time="0.002"/>
  <system-out><![CDATA[]]></system-out>
  <system-err><![CDATA[]]></system-err>
</testsuite>
